Determining if the pthread_create exist failed with the following output:
Change Dir: /home/alien/Загрузки/inno_ansic_spring-dev/assignments/ha-1/template/cmake-build-debug/CMakeFiles/CMakeTmp

Run Build Command:"/usr/bin/make" "cmTC_6c936/fast"
/usr/bin/make -f CMakeFiles/cmTC_6c936.dir/build.make CMakeFiles/cmTC_6c936.dir/build
make[1]: вход в каталог «/home/alien/Загрузки/inno_ansic_spring-dev/assignments/ha-1/template/cmake-build-debug/CMakeFiles/CMakeTmp»
Building C object CMakeFiles/cmTC_6c936.dir/CheckSymbolExists.c.o
/usr/bin/cc   -std=c99 -Wall -Wextra -Wshadow    -o CMakeFiles/cmTC_6c936.dir/CheckSymbolExists.c.o   -c /home/alien/Загрузки/inno_ansic_spring-dev/assignments/ha-1/template/cmake-build-debug/CMakeFiles/CMakeTmp/CheckSymbolExists.c
Linking C executable cmTC_6c936
/home/alien/Документы/clion-2018.1.3/bin/cmake/bin/cmake -E cmake_link_script CMakeFiles/cmTC_6c936.dir/link.txt --verbose=1
/usr/bin/cc  -std=c99 -Wall -Wextra -Wshadow     CMakeFiles/cmTC_6c936.dir/CheckSymbolExists.c.o  -o cmTC_6c936 
CMakeFiles/cmTC_6c936.dir/CheckSymbolExists.c.o: In function `main':
CheckSymbolExists.c:(.text+0x1b): undefined reference to `pthread_create'
collect2: error: ld returned 1 exit status
CMakeFiles/cmTC_6c936.dir/build.make:97: recipe for target 'cmTC_6c936' failed
make[1]: *** [cmTC_6c936] Error 1
make[1]: выход из каталога «/home/alien/Загрузки/inno_ansic_spring-dev/assignments/ha-1/template/cmake-build-debug/CMakeFiles/CMakeTmp»
Makefile:126: recipe for target 'cmTC_6c936/fast' failed
make: *** [cmTC_6c936/fast] Error 2

File /home/alien/Загрузки/inno_ansic_spring-dev/assignments/ha-1/template/cmake-build-debug/CMakeFiles/CMakeTmp/CheckSymbolExists.c:
/* */
#include <pthread.h>

int main(int argc, char** argv)
{
  (void)argv;
#ifndef pthread_create
  return ((int*)(&pthread_create))[argc];
#else
  (void)argc;
  return 0;
#endif
}

Determining if the function pthread_create exists in the pthreads failed with the following output:
Change Dir: /home/alien/Загрузки/inno_ansic_spring-dev/assignments/ha-1/template/cmake-build-debug/CMakeFiles/CMakeTmp

Run Build Command:"/usr/bin/make" "cmTC_e620b/fast"
/usr/bin/make -f CMakeFiles/cmTC_e620b.dir/build.make CMakeFiles/cmTC_e620b.dir/build
make[1]: вход в каталог «/home/alien/Загрузки/inno_ansic_spring-dev/assignments/ha-1/template/cmake-build-debug/CMakeFiles/CMakeTmp»
Building C object CMakeFiles/cmTC_e620b.dir/CheckFunctionExists.c.o
/usr/bin/cc   -std=c99 -Wall -Wextra -Wshadow -DCHECK_FUNCTION_EXISTS=pthread_create   -o CMakeFiles/cmTC_e620b.dir/CheckFunctionExists.c.o   -c /home/alien/Документы/clion-2018.1.3/bin/cmake/share/cmake-3.10/Modules/CheckFunctionExists.c
Linking C executable cmTC_e620b
/home/alien/Документы/clion-2018.1.3/bin/cmake/bin/cmake -E cmake_link_script CMakeFiles/cmTC_e620b.dir/link.txt --verbose=1
/usr/bin/cc  -std=c99 -Wall -Wextra -Wshadow -DCHECK_FUNCTION_EXISTS=pthread_create    CMakeFiles/cmTC_e620b.dir/CheckFunctionExists.c.o  -o cmTC_e620b -lpthreads 
/usr/bin/x86_64-linux-gnu-ld: cannot find -lpthreads
collect2: error: ld returned 1 exit status
CMakeFiles/cmTC_e620b.dir/build.make:97: recipe for target 'cmTC_e620b' failed
make[1]: *** [cmTC_e620b] Error 1
make[1]: выход из каталога «/home/alien/Загрузки/inno_ansic_spring-dev/assignments/ha-1/template/cmake-build-debug/CMakeFiles/CMakeTmp»
Makefile:126: recipe for target 'cmTC_e620b/fast' failed
make: *** [cmTC_e620b/fast] Error 2


