Determining if the pthread_create exist failed with the following output:
Change Dir: /home/alien/Загрузки/inno_ansic_spring-dev/assignments/ha-3/cmake-build-debug/CMakeFiles/CMakeTmp

Run Build Command:"/usr/bin/make" "cmTC_e7afe/fast"
/usr/bin/make -f CMakeFiles/cmTC_e7afe.dir/build.make CMakeFiles/cmTC_e7afe.dir/build
make[1]: вход в каталог «/home/alien/Загрузки/inno_ansic_spring-dev/assignments/ha-3/cmake-build-debug/CMakeFiles/CMakeTmp»
Building C object CMakeFiles/cmTC_e7afe.dir/CheckSymbolExists.c.o
/usr/bin/cc   -std=c99 -Wall -Wextra -Wshadow    -o CMakeFiles/cmTC_e7afe.dir/CheckSymbolExists.c.o   -c /home/alien/Загрузки/inno_ansic_spring-dev/assignments/ha-3/cmake-build-debug/CMakeFiles/CMakeTmp/CheckSymbolExists.c
Linking C executable cmTC_e7afe
/home/alien/Загрузки/CLion-2018.1.3/clion-2018.1.3/bin/cmake/bin/cmake -E cmake_link_script CMakeFiles/cmTC_e7afe.dir/link.txt --verbose=1
/usr/bin/cc  -std=c99 -Wall -Wextra -Wshadow     CMakeFiles/cmTC_e7afe.dir/CheckSymbolExists.c.o  -o cmTC_e7afe 
CMakeFiles/cmTC_e7afe.dir/CheckSymbolExists.c.o: In function `main':
CheckSymbolExists.c:(.text+0x1b): undefined reference to `pthread_create'
collect2: error: ld returned 1 exit status
CMakeFiles/cmTC_e7afe.dir/build.make:97: recipe for target 'cmTC_e7afe' failed
make[1]: *** [cmTC_e7afe] Error 1
make[1]: выход из каталога «/home/alien/Загрузки/inno_ansic_spring-dev/assignments/ha-3/cmake-build-debug/CMakeFiles/CMakeTmp»
Makefile:126: recipe for target 'cmTC_e7afe/fast' failed
make: *** [cmTC_e7afe/fast] Error 2

File /home/alien/Загрузки/inno_ansic_spring-dev/assignments/ha-3/cmake-build-debug/CMakeFiles/CMakeTmp/CheckSymbolExists.c:
/* */
#include <pthread.h>

int main(int argc, char** argv)
{
  (void)argv;
#ifndef pthread_create
  return ((int*)(&pthread_create))[argc];
#else
  (void)argc;
  return 0;
#endif
}

Determining if the function pthread_create exists in the pthreads failed with the following output:
Change Dir: /home/alien/Загрузки/inno_ansic_spring-dev/assignments/ha-3/cmake-build-debug/CMakeFiles/CMakeTmp

Run Build Command:"/usr/bin/make" "cmTC_82af1/fast"
/usr/bin/make -f CMakeFiles/cmTC_82af1.dir/build.make CMakeFiles/cmTC_82af1.dir/build
make[1]: вход в каталог «/home/alien/Загрузки/inno_ansic_spring-dev/assignments/ha-3/cmake-build-debug/CMakeFiles/CMakeTmp»
Building C object CMakeFiles/cmTC_82af1.dir/CheckFunctionExists.c.o
/usr/bin/cc   -std=c99 -Wall -Wextra -Wshadow -DCHECK_FUNCTION_EXISTS=pthread_create   -o CMakeFiles/cmTC_82af1.dir/CheckFunctionExists.c.o   -c /home/alien/Загрузки/CLion-2018.1.3/clion-2018.1.3/bin/cmake/share/cmake-3.10/Modules/CheckFunctionExists.c
Linking C executable cmTC_82af1
/home/alien/Загрузки/CLion-2018.1.3/clion-2018.1.3/bin/cmake/bin/cmake -E cmake_link_script CMakeFiles/cmTC_82af1.dir/link.txt --verbose=1
/usr/bin/cc  -std=c99 -Wall -Wextra -Wshadow -DCHECK_FUNCTION_EXISTS=pthread_create    CMakeFiles/cmTC_82af1.dir/CheckFunctionExists.c.o  -o cmTC_82af1 -lpthreads 
/usr/bin/x86_64-linux-gnu-ld: cannot find -lpthreads
collect2: error: ld returned 1 exit status
CMakeFiles/cmTC_82af1.dir/build.make:97: recipe for target 'cmTC_82af1' failed
make[1]: *** [cmTC_82af1] Error 1
make[1]: выход из каталога «/home/alien/Загрузки/inno_ansic_spring-dev/assignments/ha-3/cmake-build-debug/CMakeFiles/CMakeTmp»
Makefile:126: recipe for target 'cmTC_82af1/fast' failed
make: *** [cmTC_82af1/fast] Error 2


